Arguments: 
  /usr/local/Cellar/node/13.12.0/bin/node /usr/local/Cellar/yarn/1.22.4/libexec/bin/yarn.js install

PATH: 
  /Users/Lateefah Amuda/.rbenv/shims:/usr/local/bin:/usr/bin:/bin:/usr/sbin:/sbin:/Users/Lateefah Amuda/.rbenv/shims

Yarn version: 
  1.22.4

Node version: 
  13.12.0

Platform: 
  darwin x64

Trace: 
  SyntaxError: /Users/Lateefah Amuda/Desktop/pizza_place/package.json: Unexpected token } in JSON at position 822
      at JSON.parse (<anonymous>)
      at /usr/local/Cellar/yarn/1.22.4/libexec/lib/cli.js:1625:59
      at Generator.next (<anonymous>)
      at step (/usr/local/Cellar/yarn/1.22.4/libexec/lib/cli.js:310:30)
      at /usr/local/Cellar/yarn/1.22.4/libexec/lib/cli.js:321:13

npm manifest: 
  {
    "name": "pizza_place",
    "version": "1.0.0",
    "main": "index.js",
    "keywords": [
      "Pizza",
      "Online-Shop",
      "Order"
    ],
    "author": "Lateefat Amuda",
    "repository": {
      "type": "git",
      "url": "git+https://github.com/teepha/pizza_place.git"
    },
      "scripts": {
      "watch": "nodemon",
      "build": "rm -rf dist && babel src -d dist",
      "start": "npm run build && node ./dist/app.js",
      "dev": "babel-node -- ./src/app.js"
    },
      "dependencies": {
      "@babel/cli": "^7.5.5",
      "@babel/core": "^7.5.5",
      "@babel/node": "^7.5.5",
      "@babel/preset-env": "^7.5.5",
      "@babel/register": "^7.8.3",
      "babel-eslint": "^10.0.2",
      "babel-polyfill": "^6.26.0",
      "body-parser": "^1.19.0",
      "cors": "^2.8.5",
      "dotenv": "^8.2.0",
      "express": "^4.17.1",
      "morgan": "^1.9.1",
    },
    "devDependencies": {
      "eslint": "^5.16.0",
      "eslint-config-airbnb-base": "^13.2.0",
      "eslint-plugin-import": "^2.18.2"
    },
    "license": "MIT"
  }

yarn manifest: 
  No manifest

Lockfile: 
  No lockfile
